<?xml version="1.0" encoding="UTF-8"?>
<!-- Generated by org.testng.reporters.JUnitReportReporter -->
<testsuite hostname="DESKTOP-TNLICC1" failures="0" tests="1" name="testcases.SimplilearnLoginTest" time="35.053" errors="0" timestamp="09 Oct 2022 05:11:11 GMT" skipped="0">
  <testcase classname="testcases.SimplilearnLoginTest" name="Test1" time="35.053"/>
</testsuite> <!-- testcases.SimplilearnLoginTest -->
