<?xml version="1.0" encoding="UTF-8"?>
<!-- Generated by org.testng.reporters.JUnitReportReporter -->
<testsuite hostname="DESKTOP-TNLICC1" failures="0" tests="3" name="testcases.SimplilearnLoginTest" time="286.899" errors="0" timestamp="2022-09-25T11:52:15 IST" skipped="0">
  <testcase classname="testcases.SimplilearnLoginTest" name="Test1" time="237.453"/>
  <system-out/>
  <testcase classname="testcases.SimplilearnLoginTest" name="Test2" time="28.864"/>
  <system-out/>
  <testcase classname="testcases.SimplilearnLoginTest" name="Test3" time="20.582"/>
  <system-out/>
</testsuite> <!-- testcases.SimplilearnLoginTest -->
