<?xml version="1.0" encoding="UTF-8"?>
<!-- Generated by org.testng.reporters.JUnitReportReporter -->
<testsuite hostname="DESKTOP-TNLICC1" failures="0" tests="3" name="testcases.SimplilearnLoginTest" time="97.237" errors="0" timestamp="27 Sep 2022 14:35:52 GMT" skipped="0">
  <testcase classname="testcases.SimplilearnLoginTest" name="Test3" time="24.411"/>
  <testcase classname="testcases.SimplilearnLoginTest" name="Test1" time="35.471"/>
  <testcase classname="testcases.SimplilearnLoginTest" name="Test2" time="37.355"/>
</testsuite> <!-- testcases.SimplilearnLoginTest -->
