<?xml version="1.0" encoding="UTF-8"?>
<!-- Generated by org.testng.reporters.JUnitReportReporter -->
<testsuite skipped="0" hostname="DESKTOP-TNLICC1" name="testcases.HomeTest" tests="1" failures="0" timestamp="2022-09-13T22:09:38 IST" time="75.322" errors="0">
  <testcase name="Test1" time="75.322" classname="testcases.HomeTest"/>
  <system-out/>
</testsuite> <!-- testcases.HomeTest -->
